============================= test session starts ==============================
platform darwin -- Python 3.11.16, pytest-9.1.1, pluggy-1.6.0 -- /opt/miniconda3/envs/pinn-sandbox/bin/python3.11
cachedir: .pytest_cache
rootdir: /Users/adarshagarwala/Documents/sih26/sih-26-finale/mine-sim
configfile: pyproject.toml
plugins: anyio-4.15.1
collecting ... collected 21 items

tests/unit/test_radio.py::test_airtime_matches_contract[key0-25.9] PASSED [  4%]
tests/unit/test_radio.py::test_airtime_matches_contract[key1-51.7] PASSED [  9%]
tests/unit/test_radio.py::test_airtime_matches_contract[key2-103.4] PASSED [ 14%]
tests/unit/test_radio.py::test_airtime_matches_contract[key3-36.1] PASSED [ 19%]
tests/unit/test_radio.py::test_airtime_matches_contract[key4-61.7] PASSED [ 23%]
tests/unit/test_radio.py::test_airtime_matches_contract[key5-113.2] PASSED [ 28%]
tests/unit/test_radio.py::test_airtime_matches_contract[key6-205.8] PASSED [ 33%]
tests/unit/test_radio.py::test_airtime_matches_contract[key7-169.2] PASSED [ 38%]
tests/unit/test_radio.py::test_airtime_matches_contract[key8-297.5] PASSED [ 42%]
tests/unit/test_radio.py::test_airtime_matches_contract[key9-533.5] PASSED [ 47%]
tests/unit/test_radio.py::test_one_record_per_scout_with_23_byte_payload PASSED [ 52%]
tests/unit/test_radio.py::test_no_slot_overlap_and_window_fit PASSED     [ 57%]
tests/unit/test_radio.py::test_full_loss_still_writes_every_record PASSED [ 61%]
tests/unit/test_radio.py::test_link_margin_failure_is_undelivered PASSED [ 66%]
tests/unit/test_radio.py::test_no_loss_all_delivered_on_primary PASSED   [ 71%]
tests/unit/test_radio.py::test_emergency_uses_backup_and_child_index_subslot PASSED [ 76%]
tests/unit/test_radio.py::test_duty_cycles PASSED                        [ 80%]
tests/unit/test_radio.py::test_loss_rate_roughly_matches_config PASSED   [ 85%]
tests/gates/test_g07.py::test_g07_static_no_seq_keys PASSED              [ 90%]
tests/gates/test_g07.py::test_g07_negative_seq_key_detected PASSED       [ 95%]
tests/gates/test_g07.py::test_g07_reboot_same_seq_both_survive PASSED    [100%]

============================== 21 passed in 2.82s ==============================
