============================= test session starts ==============================
platform darwin -- Python 3.11.16, pytest-9.1.1, pluggy-1.6.0 -- /opt/miniconda3/envs/pinn-sandbox/bin/python3.11
cachedir: .pytest_cache
rootdir: /Users/adarshagarwala/Documents/sih26/sih-26-finale/mine-sim
configfile: pyproject.toml
plugins: anyio-4.15.1
collecting ... collected 24 items

tests/gates/test_g00.py::test_g00_adriyala_config_pinned PASSED          [  4%]
tests/gates/test_g00.py::test_g00_adriyala_real_profiles_exist PASSED    [  8%]
tests/gates/test_g00.py::test_g00_fitted_params_json_valid PASSED        [ 12%]
tests/gates/test_g00.py::test_g00_fit_record_negative_case PASSED        [ 16%]
tests/gates/test_g00.py::test_g00_illinois_is_labelled_synthetic PASSED  [ 20%]
tests/gates/test_g00.py::test_g00_load_config_success PASSED             [ 25%]
tests/gates/test_g00.py::test_g00_unpinned_parameter_negative_case PASSED [ 29%]
tests/gates/test_g00.py::test_g00_mine_independence PASSED               [ 33%]
tests/gates/test_g01.py::test_g01_single_physics_implementation PASSED   [ 37%]
tests/unit/test_physics.py::test_zero_at_t0 PASSED                       [ 41%]
tests/unit/test_physics.py::test_transverse_symmetry PASSED              [ 45%]
tests/unit/test_physics.py::test_peak_location PASSED                    [ 50%]
tests/unit/test_physics.py::test_subcritical_peak_formula PASSED         [ 54%]
tests/unit/test_physics.py::test_edge_decay PASSED                       [ 58%]
tests/unit/test_physics.py::test_tilt_zero_at_centre PASSED              [ 62%]
tests/unit/test_physics.py::test_vectorisation PASSED                    [ 66%]
tests/unit/test_physics.py::test_baseline_sensitivity_strain PASSED      [ 70%]
tests/unit/test_physics.py::test_displacement_points_toward_trough PASSED [ 75%]
tests/unit/test_physics.py::test_strain_tension_outside_rib PASSED       [ 79%]
tests/unit/test_physics.py::test_strain_compression_over_centre PASSED   [ 83%]
tests/unit/test_physics.py::test_strain_is_not_tilt PASSED               [ 87%]
tests/unit/test_physics.py::test_face_stops_at_panel_end PASSED          [ 91%]
tests/unit/test_physics.py::test_ground_near_panel_end_settles_fully PASSED [ 95%]
tests/unit/test_physics.py::test_peak_unchanged_by_fix PASSED            [100%]

============================== 24 passed in 0.16s ==============================
